<?xml version="1.0" encoding="UTF-8"?>
<!-- Generated by org.testng.reporters.JUnitReportReporter -->
<testsuite hostname="Abhijith" failures="0" tests="1" name="datadriventesting.ReadDataFromXML" time="0.007" errors="0" timestamp="2023-09-07T11:40:04 IST" skipped="0">
  <testcase classname="datadriventesting.ReadDataFromXML" name="getXmlParameter" time="0.007"/>
  <system-out/>
</testsuite> <!-- datadriventesting.ReadDataFromXML -->
