<?xml version="1.0" encoding="UTF-8"?>
<!-- Generated by org.testng.reporters.JUnitReportReporter -->
<testsuite hostname="Abhijith" failures="0" tests="1" name="extentreports.ToLearnExtentReports" time="0.408" errors="0" timestamp="2023-10-07T12:20:55 IST" skipped="0">
  <testcase classname="extentreports.ToLearnExtentReports" name="reports" time="0.408"/>
  <system-out/>
</testsuite> <!-- extentreports.ToLearnExtentReports -->
