<?xml version="1.0" encoding="UTF-8"?>
<!-- Generated by org.testng.reporters.JUnitReportReporter -->
<testsuite hostname="Abhijith" failures="0" tests="2" name="crossbrowser.CrossBrowser" time="25.368" errors="0" timestamp="2023-10-05T09:45:49 IST" skipped="0">
  <testcase classname="crossbrowser.CrossBrowser" name="browserLaunch" time="10.035"/>
  <system-out/>
  <testcase classname="crossbrowser.CrossBrowser" name="browserLaunch" time="15.333"/>
  <system-out/>
</testsuite> <!-- crossbrowser.CrossBrowser -->
