<?xml version="1.0" encoding="UTF-8"?>
<!-- Generated by org.testng.reporters.JUnitReportReporter -->
<testsuite hostname="Abhijith" failures="0" tests="1" name="extentreports.AttachSSInExtentReport" time="7.752" errors="0" timestamp="2023-10-07T12:52:59 IST" skipped="0">
  <testcase classname="extentreports.AttachSSInExtentReport" name="screenshot" time="7.752"/>
  <system-out/>
</testsuite> <!-- extentreports.AttachSSInExtentReport -->
