<?xml version="1.0" encoding="UTF-8"?>
<!-- Generated by org.testng.reporters.JUnitReportReporter -->
<testsuite hostname="Abhijith" failures="0" tests="1" name="extentreports.DemoExtentReportTest" time="10.107" errors="0" timestamp="2023-10-17T11:19:06 IST" skipped="0">
  <testcase classname="extentreports.DemoExtentReportTest" name="demoTest" time="10.107"/>
  <system-out/>
</testsuite> <!-- extentreports.DemoExtentReportTest -->
