<?xml version="1.0" encoding="UTF-8"?>
<!-- Generated by org.testng.reporters.JUnitReportReporter -->
<testsuite hostname="Abhijith" failures="0" tests="1" name="listener.TestScript" time="0.009" errors="0" timestamp="2023-10-10T14:35:07 IST" skipped="0">
  <testcase classname="listener.TestScript" name="login" time="0.009"/>
  <system-out>
    <![CDATA[login Test case started
Open browser
Navigate to url
Enter valid credentials
Click on login button
Test case success]]>
  </system-out>
</testsuite> <!-- listener.TestScript -->
